<?xml version="1.0" encoding="UTF-8"?>
<!-- Generated by org.testng.reporters.JUnitReportReporter -->
<testsuite hostname="LAPTOP-8SH76CLT" failures="0" tests="1" name="com.jenkins.demo.SeleniumJenkinsDemo" time="9.747" errors="0" timestamp="2022-04-01T10:32:26 IST" skipped="0">
  <testcase classname="com.jenkins.demo.SeleniumJenkinsDemo" name="validateTitleOrangeHRM" time="9.747"/>
  <system-out/>
</testsuite> <!-- com.jenkins.demo.SeleniumJenkinsDemo -->
